<?xml version="1.0" encoding="UTF-8"?>
<testng-results ignored="0" total="2" passed="2" failed="0" skipped="0">
  <reporter-output>
  </reporter-output>
  <suite started-at="2022-10-20T21:08:48 IST" name="Default suite" finished-at="2022-10-20T21:10:49 IST" duration-ms="120377">
    <groups>
    </groups>
    <test started-at="2022-10-20T21:08:48 IST" name="Default test" finished-at="2022-10-20T21:10:49 IST" duration-ms="120377">
      <class name="com.capstone.AadharCitizen">
        <test-method signature="ChromeBrowser()[pri:1, instance:com.capstone.AadharCitizen@4d5b6aac]" started-at="2022-10-20T21:08:48 IST" name="ChromeBrowser" finished-at="2022-10-20T21:09:54 IST" duration-ms="65379" status="PASS">
          <reporter-output>
          </reporter-output>
        </test-method> <!-- ChromeBrowser -->
        <test-method signature="CitizenCheck()[pri:2, instance:com.capstone.AadharCitizen@4d5b6aac]" started-at="2022-10-20T21:09:54 IST" name="CitizenCheck" finished-at="2022-10-20T21:10:49 IST" duration-ms="54799" status="PASS">
          <reporter-output>
          </reporter-output>
        </test-method> <!-- CitizenCheck -->
      </class> <!-- com.capstone.AadharCitizen -->
    </test> <!-- Default test -->
  </suite> <!-- Default suite -->
</testng-results>
